<?xml version="1.0" encoding="UTF-8"?>
<!-- Generated by org.testng.reporters.JUnitReportReporter -->
<testsuite hostname="DESKTOP-4D96T8D" failures="0" tests="3" name="neevsystems.SeleniumFrameWork.StandAloneSubmitOrder" time="25.235" errors="0" timestamp="27 Jun 2024 05:19:56 GMT" skipped="0">
  <testcase classname="neevsystems.SeleniumFrameWork.StandAloneSubmitOrder" name="submitOrder" time="10.752"/>
  <testcase classname="neevsystems.SeleniumFrameWork.StandAloneSubmitOrder" name="submitOrder" time="7.592"/>
  <testcase classname="neevsystems.SeleniumFrameWork.StandAloneSubmitOrder" name="OrderHistoryTest" time="6.891"/>
</testsuite> <!-- neevsystems.SeleniumFrameWork.StandAloneSubmitOrder -->
